<?xml version="1.0" encoding="UTF-8"?>
<!-- Generated by org.testng.reporters.JUnitXMLReporter -->
<testsuite ignored="0" hostname="SaiKiran" failures="0" tests="5" name="Default test" time="10.593" errors="0" timestamp="2025-06-06T20:12:29 IST">
  <testcase classname="Pet_Store.AddPet" name="addNewPet" time="4.146"/>
  <testcase classname="Pet_Store.AddPet" name="getPetDetails" time="1.621"/>
  <testcase classname="Pet_Store.AddPet" name="updatePet" time="1.588"/>
  <testcase classname="Pet_Store.AddPet" name="getPetDetailsAfterUpdate" time="1.588"/>
  <testcase classname="Pet_Store.AddPet" name="deletePet" time="1.576"/>
</testsuite> <!-- Default test -->
