<?xml version="1.0" encoding="UTF-8"?>
<testng-results ignored="0" total="5" passed="5" failed="0" skipped="0">
  <reporter-output>
  </reporter-output>
  <suite started-at="2025-06-06T20:12:18 IST" name="Default suite" finished-at="2025-06-06T20:12:29 IST" duration-ms="10593">
    <groups>
    </groups>
    <test started-at="2025-06-06T20:12:18 IST" name="Default test" finished-at="2025-06-06T20:12:29 IST" duration-ms="10593">
      <class name="Pet_Store.AddPet">
        <test-method signature="addNewPet()[pri:1, instance:Pet_Store.AddPet@6c80d78a]" started-at="2025-06-06T20:12:18 IST" name="addNewPet" finished-at="2025-06-06T20:12:22 IST" duration-ms="4146" status="PASS">
          <reporter-output>
          </reporter-output>
        </test-method> <!-- addNewPet -->
        <test-method signature="getPetDetails()[pri:2, instance:Pet_Store.AddPet@6c80d78a]" started-at="2025-06-06T20:12:22 IST" name="getPetDetails" finished-at="2025-06-06T20:12:24 IST" depends-on-methods="Pet_Store.AddPet.addNewPet" duration-ms="1621" status="PASS">
          <reporter-output>
          </reporter-output>
        </test-method> <!-- getPetDetails -->
        <test-method signature="updatePet()[pri:3, instance:Pet_Store.AddPet@6c80d78a]" started-at="2025-06-06T20:12:24 IST" name="updatePet" finished-at="2025-06-06T20:12:26 IST" depends-on-methods="Pet_Store.AddPet.getPetDetails" duration-ms="1588" status="PASS">
          <reporter-output>
          </reporter-output>
        </test-method> <!-- updatePet -->
        <test-method signature="getPetDetailsAfterUpdate()[pri:4, instance:Pet_Store.AddPet@6c80d78a]" started-at="2025-06-06T20:12:26 IST" name="getPetDetailsAfterUpdate" finished-at="2025-06-06T20:12:27 IST" depends-on-methods="Pet_Store.AddPet.updatePet" duration-ms="1588" status="PASS">
          <reporter-output>
          </reporter-output>
        </test-method> <!-- getPetDetailsAfterUpdate -->
        <test-method signature="deletePet()[pri:5, instance:Pet_Store.AddPet@6c80d78a]" started-at="2025-06-06T20:12:27 IST" name="deletePet" finished-at="2025-06-06T20:12:29 IST" depends-on-methods="Pet_Store.AddPet.getPetDetailsAfterUpdate" duration-ms="1576" status="PASS">
          <reporter-output>
          </reporter-output>
        </test-method> <!-- deletePet -->
      </class> <!-- Pet_Store.AddPet -->
    </test> <!-- Default test -->
  </suite> <!-- Default suite -->
</testng-results>
